<?xml version="1.0" encoding="UTF-8"?>
<!-- Generated by org.testng.reporters.JUnitXMLReporter -->
<testsuite ignored="2" hostname="BAYAN" failures="0" tests="2" name="Default test" time="28.394" errors="0" timestamp="2024-02-09T18:25:42 EET">
  <testcase classname="TestExam" name="SignIn" time="7.046"/>
  <testcase classname="TestExam" name="addFirstItem" time="19.453"/>
  <testcase classname="TestExam" name="logOut" time="0.0">
    <ignored/>
  </testcase> <!-- logOut -->
  <testcase classname="TestExam" name="LogInPage" time="0.0">
    <ignored/>
  </testcase> <!-- LogInPage -->
</testsuite> <!-- Default test -->
