<?xml version="1.0" encoding="UTF-8"?>
<testng-results ignored="2" total="4" passed="2" failed="0" skipped="0">
  <reporter-output>
  </reporter-output>
  <suite started-at="2024-02-09T18:25:13 EET" name="Default suite" finished-at="2024-02-09T18:25:42 EET" duration-ms="28394">
    <groups>
    </groups>
    <test started-at="2024-02-09T18:25:13 EET" name="Default test" finished-at="2024-02-09T18:25:42 EET" duration-ms="28394">
      <class name="TestExam">
        <test-method is-config="true" signature="setUp()[pri:0, instance:TestExam@d5ae57e]" started-at="2024-02-09T18:25:13 EET" name="setUp" finished-at="2024-02-09T18:25:15 EET" duration-ms="1855" status="PASS">
          <reporter-output>
          </reporter-output>
        </test-method> <!-- setUp -->
        <test-method signature="SignIn()[pri:1, instance:TestExam@d5ae57e]" started-at="2024-02-09T18:25:15 EET" name="SignIn" finished-at="2024-02-09T18:25:22 EET" duration-ms="7046" status="PASS">
          <reporter-output>
          </reporter-output>
        </test-method> <!-- SignIn -->
        <test-method signature="addFirstItem()[pri:2, instance:TestExam@d5ae57e]" started-at="2024-02-09T18:25:22 EET" name="addFirstItem" finished-at="2024-02-09T18:25:42 EET" duration-ms="19453" status="PASS">
          <reporter-output>
          </reporter-output>
        </test-method> <!-- addFirstItem -->
        <test-method is-config="true" signature="postTesting()[pri:0, instance:TestExam@d5ae57e]" started-at="2024-02-09T18:25:42 EET" name="postTesting" finished-at="2024-02-09T18:25:42 EET" duration-ms="0" status="PASS">
          <reporter-output>
          </reporter-output>
        </test-method> <!-- postTesting -->
      </class> <!-- TestExam -->
    </test> <!-- Default test -->
  </suite> <!-- Default suite -->
</testng-results>
